d:\repos\litetspelprojekt\spelprojekt\spelprojekt\x64\release\vc142.pdb
d:\repos\litetspelprojekt\spelprojekt\spelprojekt\x64\release\guiobject.obj
d:\repos\litetspelprojekt\spelprojekt\spelprojekt\x64\release\gui.obj
d:\repos\litetspelprojekt\spelprojekt\spelprojekt\x64\release\terrain.obj
d:\repos\litetspelprojekt\spelprojekt\spelprojekt\x64\release\spoon.obj
d:\repos\litetspelprojekt\spelprojekt\spelprojekt\x64\release\spawnobjects.obj
d:\repos\litetspelprojekt\spelprojekt\spelprojekt\x64\release\resources.obj
d:\repos\litetspelprojekt\spelprojekt\spelprojekt\x64\release\quadtree.obj
d:\repos\litetspelprojekt\spelprojekt\spelprojekt\x64\release\introscene.obj
d:\repos\litetspelprojekt\spelprojekt\spelprojekt\x64\release\introgui.obj
d:\repos\litetspelprojekt\spelprojekt\spelprojekt\x64\release\guisprite.obj
d:\repos\litetspelprojekt\spelprojekt\spelprojekt\x64\release\guiactionbar.obj
d:\repos\litetspelprojekt\spelprojekt\spelprojekt\x64\release\entities.obj
d:\repos\litetspelprojekt\spelprojekt\spelprojekt\x64\release\enemy.obj
d:\repos\litetspelprojekt\spelprojekt\spelprojekt\x64\release\endscene.obj
d:\repos\litetspelprojekt\spelprojekt\spelprojekt\x64\release\endgui.obj
d:\repos\litetspelprojekt\spelprojekt\spelprojekt\x64\release\dx11handler.obj
d:\repos\litetspelprojekt\spelprojekt\spelprojekt\x64\release\cameracontroller.obj
d:\repos\litetspelprojekt\spelprojekt\spelprojekt\x64\release\camera.obj
d:\repos\litetspelprojekt\spelprojekt\spelprojekt\x64\release\application.obj
d:\repos\litetspelprojekt\spelprojekt\spelprojekt\x64\release\aabb.obj
d:\repos\litetspelprojekt\spelprojekt\spelprojekt\x64\release\window.obj
d:\repos\litetspelprojekt\spelprojekt\spelprojekt\x64\release\transform.obj
d:\repos\litetspelprojekt\spelprojekt\spelprojekt\x64\release\timer.obj
d:\repos\litetspelprojekt\spelprojekt\spelprojekt\x64\release\shader.obj
d:\repos\litetspelprojekt\spelprojekt\spelprojekt\x64\release\texture.obj
d:\repos\litetspelprojekt\spelprojekt\spelprojekt\x64\release\soundhandler.obj
d:\repos\litetspelprojekt\spelprojekt\spelprojekt\x64\release\devscene.obj
d:\repos\litetspelprojekt\spelprojekt\spelprojekt\x64\release\scene.obj
d:\repos\litetspelprojekt\spelprojekt\spelprojekt\x64\release\rendertarget.obj
d:\repos\litetspelprojekt\spelprojekt\spelprojekt\x64\release\renderer.obj
d:\repos\litetspelprojekt\spelprojekt\spelprojekt\x64\release\player.obj
d:\repos\litetspelprojekt\spelprojekt\spelprojekt\x64\release\object.obj
d:\repos\litetspelprojekt\spelprojekt\spelprojekt\x64\release\material.obj
d:\repos\litetspelprojekt\spelprojekt\spelprojekt\x64\release\main.obj
d:\repos\litetspelprojekt\spelprojekt\spelprojekt\x64\release\lights.obj
d:\repos\litetspelprojekt\spelprojekt\spelprojekt\x64\release\input.obj
d:\repos\litetspelprojekt\spelprojekt\spelprojekt\x64\release\guitext.obj
d:\repos\litetspelprojekt\spelprojekt\spelprojekt\x64\release\physics.obj
d:\repos\litetspelprojekt\spelprojekt\spelprojekt\x64\release\joint.obj
d:\repos\litetspelprojekt\spelprojekt\spelprojekt\x64\release\icecream.obj
d:\repos\litetspelprojekt\spelprojekt\spelprojekt\x64\release\gamemanager.obj
d:\repos\litetspelprojekt\spelprojekt\spelprojekt\x64\release\animation.obj
d:\repos\litetspelprojekt\spelprojekt\spelprojekt\x64\release\ssao.obj
d:\repos\litetspelprojekt\spelprojekt\spelprojekt\x64\release\skeleton.obj
d:\repos\litetspelprojekt\spelprojekt\spelprojekt\x64\release\weapon.obj
d:\repos\litetspelprojekt\spelprojekt\spelprojekt\x64\release\projectile.obj
d:\repos\litetspelprojekt\spelprojekt\x64\release\spelprojekt.exe
d:\repos\litetspelprojekt\spelprojekt\x64\release\spelprojekt.pdb
d:\repos\litetspelprojekt\spelprojekt\x64\release\spelprojekt.ipdb
d:\repos\litetspelprojekt\spelprojekt\x64\release\spelprojekt.iobj
d:\repos\litetspelprojekt\spelprojekt\spelprojekt\x64\release\spelprojekt.tlog\cl.command.1.tlog
d:\repos\litetspelprojekt\spelprojekt\spelprojekt\x64\release\spelprojekt.tlog\cl.read.1.tlog
d:\repos\litetspelprojekt\spelprojekt\spelprojekt\x64\release\spelprojekt.tlog\cl.write.1.tlog
d:\repos\litetspelprojekt\spelprojekt\spelprojekt\x64\release\spelprojekt.tlog\link.command.1.tlog
d:\repos\litetspelprojekt\spelprojekt\spelprojekt\x64\release\spelprojekt.tlog\link.read.1.tlog
d:\repos\litetspelprojekt\spelprojekt\spelprojekt\x64\release\spelprojekt.tlog\link.write.1.tlog
d:\repos\litetspelprojekt\spelprojekt\spelprojekt\x64\release\spelprojekt.tlog\spelprojekt.write.1u.tlog
